2023-03-15 21:23:04.537  INFO 17796 --- [main] c.e.A.AsyncThreadHellApplication         : Starting AsyncThreadHellApplication using Java 17.0.4 on Tower with PID 17796 (D:\MyDrive\2_Workspace\JVM\AsyncThreadHell\target\classes started by User in D:\MyDrive\2_Workspace\JVM\AsyncThreadHell)
2023-03-15 21:23:04.539  INFO 17796 --- [main] c.e.A.AsyncThreadHellApplication         : No active profile set, falling back to 1 default profile: "default"
2023-03-15 21:23:04.897  INFO 17796 --- [main] .s.d.r.c.RepositoryConfigurationDelegate : Bootstrapping Spring Data JPA repositories in DEFAULT mode.
2023-03-15 21:23:04.923  INFO 17796 --- [main] .s.d.r.c.RepositoryConfigurationDelegate : Finished Spring Data repository scanning in 19 ms. Found 1 JPA repository interfaces.
2023-03-15 21:23:05.213  INFO 17796 --- [main] o.s.b.w.embedded.tomcat.TomcatWebServer  : Tomcat initialized with port(s): 8080 (http)
2023-03-15 21:23:05.218  INFO 17796 --- [main] o.apache.catalina.core.StandardService   : Starting service [Tomcat]
2023-03-15 21:23:05.219  INFO 17796 --- [main] org.apache.catalina.core.StandardEngine  : Starting Servlet engine: [Apache Tomcat/9.0.71]
2023-03-15 21:23:05.279  INFO 17796 --- [main] o.a.c.c.C.[Tomcat].[localhost].[/]       : Initializing Spring embedded WebApplicationContext
2023-03-15 21:23:05.279  INFO 17796 --- [main] w.s.c.ServletWebServerApplicationContext : Root WebApplicationContext: initialization completed in 714 ms
2023-03-15 21:23:05.297  INFO 17796 --- [main] com.zaxxer.hikari.HikariDataSource       : HikariPool-1 - Starting...
2023-03-15 21:23:05.359  INFO 17796 --- [main] com.zaxxer.hikari.HikariDataSource       : HikariPool-1 - Start completed.
2023-03-15 21:23:05.366  INFO 17796 --- [main] o.s.b.a.h2.H2ConsoleAutoConfiguration    : H2 console available at '/h2-console'. Database available at 'jdbc:h2:mem:threadhelldb'
2023-03-15 21:23:05.448  INFO 17796 --- [main] o.hibernate.jpa.internal.util.LogHelper  : HHH000204: Processing PersistenceUnitInfo [name: default]
2023-03-15 21:23:05.471  INFO 17796 --- [main] org.hibernate.Version                    : HHH000412: Hibernate ORM core version 5.6.15.Final
2023-03-15 21:23:05.540  INFO 17796 --- [main] o.hibernate.annotations.common.Version   : HCANN000001: Hibernate Commons Annotations {5.1.2.Final}
2023-03-15 21:23:05.591  INFO 17796 --- [main] org.hibernate.dialect.Dialect            : HHH000400: Using dialect: org.hibernate.dialect.H2Dialect
2023-03-15 21:23:05.849  INFO 17796 --- [main] o.h.e.t.j.p.i.JtaPlatformInitiator       : HHH000490: Using JtaPlatform implementation: [org.hibernate.engine.transaction.jta.platform.internal.NoJtaPlatform]
2023-03-15 21:23:05.854  INFO 17796 --- [main] j.LocalContainerEntityManagerFactoryBean : Initialized JPA EntityManagerFactory for persistence unit 'default'
2023-03-15 21:23:06.025  INFO 17796 --- [main] c.e.A.AsyncThreadHellApplication         : [INFO] Initialize ThreadPoolTaskExecutor (RunnerService) with pool size = 5
2023-03-15 21:23:06.084  WARN 17796 --- [main] JpaBaseConfiguration$JpaWebConfiguration : spring.jpa.open-in-view is enabled by default. Therefore, database queries may be performed during view rendering. Explicitly configure spring.jpa.open-in-view to disable this warning
2023-03-15 21:23:06.395  INFO 17796 --- [main] j.s.t.ScheduledThreadPoolJobRunrExecutor : ThreadManager of type 'ScheduledThreadPool' started
2023-03-15 21:23:06.414  INFO 17796 --- [main] o.j.dashboard.JobRunrDashboardWebServer  : JobRunr Dashboard started at http://localhost:8000/dashboard
2023-03-15 21:23:06.505  INFO 17796 --- [main] o.s.b.w.embedded.tomcat.TomcatWebServer  : Tomcat started on port(s): 8080 (http) with context path ''
2023-03-15 21:23:06.514  INFO 17796 --- [main] c.e.A.AsyncThreadHellApplication         : Started AsyncThreadHellApplication in 2.266 seconds (JVM running for 2.642)
2023-03-15 21:23:06.638  INFO 17796 --- [backgroundjob-zookeeper-pool-1-thread-1] org.jobrunr.server.BackgroundJobServer   : JobRunr BackgroundJobServer (113bb3ae-2b76-4c68-9c9f-70f074d89bb6) and 2 BackgroundJobPerformers started successfully
2023-03-15 21:23:06.638  INFO 17796 --- [backgroundjob-zookeeper-pool-1-thread-1] org.jobrunr.server.ServerZooKeeper       : Server 113bb3ae-2b76-4c68-9c9f-70f074d89bb6 is master (this BackgroundJobServer)
2023-03-15 21:23:08.894  INFO 17796 --- [http-nio-8080-exec-1] o.a.c.c.C.[Tomcat].[localhost].[/]       : Initializing Spring DispatcherServlet 'dispatcherServlet'
2023-03-15 21:23:08.894  INFO 17796 --- [http-nio-8080-exec-1] o.s.web.servlet.DispatcherServlet        : Initializing Servlet 'dispatcherServlet'
2023-03-15 21:23:08.895  INFO 17796 --- [http-nio-8080-exec-1] o.s.web.servlet.DispatcherServlet        : Completed initialization in 1 ms
2023-03-15 21:23:09.163  INFO 17796 --- [http-nio-8080-exec-2] o.springdoc.api.AbstractOpenApiResource  : Init duration for springdoc-openapi is: 136 ms
2023-03-15 21:23:20.302  INFO 17796 --- [http-nio-8080-exec-4] c.e.A.AsyncThreadHellApplication         : [INFO] PositioningService enqueued new PositioningMaster (JobRunr) with runID= 1
2023-03-15 21:23:20.306  INFO 17796 --- [http-nio-8080-exec-4] c.e.A.AsyncThreadHellApplication         : [INFO] PositioningService returns the master job with runID= 1
2023-03-15 21:23:20.306  INFO 17796 --- [http-nio-8080-exec-4] c.e.A.AsyncThreadHellApplication         : [INFO] PositioningController creates new master job for modelID= Adam
2023-03-15 21:23:22.409  INFO 17796 --- [backgroundjob-worker-pool-2-thread-2] c.e.A.AsyncThreadHellApplication         : [INFO] Initialize PositioningServiceExecutorPool.1 (ThreadPoolTaskExecutor) with pool size = 5
2023-03-15 21:23:22.409  INFO 17796 --- [backgroundjob-worker-pool-2-thread-2] c.e.A.AsyncThreadHellApplication         : [INFO] PositioningService (JobRunr) starts spawning async subtasks for 1
2023-03-15 21:23:22.410  INFO 17796 --- [backgroundjob-worker-pool-2-thread-2] c.e.A.AsyncThreadHellApplication         : [INFO] PositioningService (JobRunr) finished spawning async subtasks for 1
2023-03-15 21:23:22.410  INFO 17796 --- [PositioningServiceExecutorPool.1-3] c.e.A.AsyncThreadHellApplication         : [INFO] PositioningServiceExecutorPool.1-3 starts async count job with id= 1.2
2023-03-15 21:23:22.410  INFO 17796 --- [PositioningServiceExecutorPool.1-1] c.e.A.AsyncThreadHellApplication         : [INFO] PositioningServiceExecutorPool.1-1 starts async count job with id= 1.0
2023-03-15 21:23:22.411  INFO 17796 --- [PositioningServiceExecutorPool.1-2] c.e.A.AsyncThreadHellApplication         : [INFO] PositioningServiceExecutorPool.1-2 starts async count job with id= 1.1
2023-03-15 21:23:22.411  INFO 17796 --- [PositioningServiceExecutorPool.1-4] c.e.A.AsyncThreadHellApplication         : [INFO] PositioningServiceExecutorPool.1-4 starts async count job with id= 1.3
2023-03-15 21:23:22.411  INFO 17796 --- [PositioningServiceExecutorPool.1-5] c.e.A.AsyncThreadHellApplication         : [INFO] PositioningServiceExecutorPool.1-5 starts async count job with id= 1.4
2023-03-15 21:23:22.415  INFO 17796 --- [backgroundjob-worker-pool-2-thread-2] c.e.A.AsyncThreadHellApplication         : [INFO] PositioningService finds run 1 with 0% and 5 active jobs plus 15 in the queue
2023-03-15 21:23:25.310  INFO 17796 --- [PositioningServiceExecutorPool.1-2] c.e.A.AsyncThreadHellApplication         : [INFO] PositioningServiceExecutorPool.1-2 finished async count job with id=  1.1
2023-03-15 21:23:25.311  INFO 17796 --- [PositioningServiceExecutorPool.1-2] c.e.A.AsyncThreadHellApplication         : [INFO] PositioningServiceExecutorPool.1-2 starts async count job with id= 1.5
2023-03-15 21:23:27.113  INFO 17796 --- [http-nio-8080-exec-5] c.e.A.AsyncThreadHellApplication         : [INFO] PositioningService enqueued new PositioningMaster (JobRunr) with runID= 2
2023-03-15 21:23:27.113  INFO 17796 --- [http-nio-8080-exec-5] c.e.A.AsyncThreadHellApplication         : [INFO] PositioningService returns the master job with runID= 2
2023-03-15 21:23:27.113  INFO 17796 --- [http-nio-8080-exec-5] c.e.A.AsyncThreadHellApplication         : [INFO] PositioningController creates new master job for modelID= Eva
2023-03-15 21:23:32.041  INFO 17796 --- [PositioningServiceExecutorPool.1-1] c.e.A.AsyncThreadHellApplication         : [INFO] PositioningServiceExecutorPool.1-1 finished async count job with id=  1.0
2023-03-15 21:23:32.041  INFO 17796 --- [PositioningServiceExecutorPool.1-1] c.e.A.AsyncThreadHellApplication         : [INFO] PositioningServiceExecutorPool.1-1 starts async count job with id= 1.6
2023-03-15 21:23:32.417  INFO 17796 --- [backgroundjob-worker-pool-2-thread-2] c.e.A.AsyncThreadHellApplication         : [INFO] PositioningService finds run 1 with 10% and 5 active jobs plus 13 in the queue
2023-03-15 21:23:34.073  INFO 17796 --- [PositioningServiceExecutorPool.1-3] c.e.A.AsyncThreadHellApplication         : [INFO] PositioningServiceExecutorPool.1-3 finished async count job with id=  1.2
2023-03-15 21:23:34.073  INFO 17796 --- [PositioningServiceExecutorPool.1-3] c.e.A.AsyncThreadHellApplication         : [INFO] PositioningServiceExecutorPool.1-3 starts async count job with id= 1.7
2023-03-15 21:23:35.125  INFO 17796 --- [PositioningServiceExecutorPool.1-4] c.e.A.AsyncThreadHellApplication         : [INFO] PositioningServiceExecutorPool.1-4 finished async count job with id=  1.3
2023-03-15 21:23:35.125  INFO 17796 --- [PositioningServiceExecutorPool.1-4] c.e.A.AsyncThreadHellApplication         : [INFO] PositioningServiceExecutorPool.1-4 starts async count job with id= 1.8
2023-03-15 21:23:37.071  INFO 17796 --- [PositioningServiceExecutorPool.1-5] c.e.A.AsyncThreadHellApplication         : [INFO] PositioningServiceExecutorPool.1-5 finished async count job with id=  1.4
2023-03-15 21:23:37.071  INFO 17796 --- [PositioningServiceExecutorPool.1-5] c.e.A.AsyncThreadHellApplication         : [INFO] PositioningServiceExecutorPool.1-5 starts async count job with id= 1.9
2023-03-15 21:23:37.405  INFO 17796 --- [backgroundjob-worker-pool-2-thread-1] c.e.A.AsyncThreadHellApplication         : [INFO] Initialize PositioningServiceExecutorPool.2 (ThreadPoolTaskExecutor) with pool size = 5
2023-03-15 21:23:37.406  INFO 17796 --- [backgroundjob-worker-pool-2-thread-1] c.e.A.AsyncThreadHellApplication         : [INFO] PositioningService (JobRunr) starts spawning async subtasks for 2
2023-03-15 21:23:37.406  INFO 17796 --- [PositioningServiceExecutorPool.2-1] c.e.A.AsyncThreadHellApplication         : [INFO] PositioningServiceExecutorPool.2-1 starts async count job with id= 2.0
2023-03-15 21:23:37.406  INFO 17796 --- [PositioningServiceExecutorPool.2-2] c.e.A.AsyncThreadHellApplication         : [INFO] PositioningServiceExecutorPool.2-2 starts async count job with id= 2.1
2023-03-15 21:23:37.406  INFO 17796 --- [PositioningServiceExecutorPool.2-3] c.e.A.AsyncThreadHellApplication         : [INFO] PositioningServiceExecutorPool.2-3 starts async count job with id= 2.2
2023-03-15 21:23:37.406  INFO 17796 --- [backgroundjob-worker-pool-2-thread-1] c.e.A.AsyncThreadHellApplication         : [INFO] PositioningService (JobRunr) finished spawning async subtasks for 2
2023-03-15 21:23:37.406  INFO 17796 --- [PositioningServiceExecutorPool.2-4] c.e.A.AsyncThreadHellApplication         : [INFO] PositioningServiceExecutorPool.2-4 starts async count job with id= 2.3
2023-03-15 21:23:37.406  INFO 17796 --- [PositioningServiceExecutorPool.2-5] c.e.A.AsyncThreadHellApplication         : [INFO] PositioningServiceExecutorPool.2-5 starts async count job with id= 2.4
2023-03-15 21:23:37.408  INFO 17796 --- [backgroundjob-worker-pool-2-thread-1] c.e.A.AsyncThreadHellApplication         : [INFO] PositioningService finds run 2 with 0% and 5 active jobs plus 15 in the queue
2023-03-15 21:23:38.271  INFO 17796 --- [PositioningServiceExecutorPool.2-3] c.e.A.AsyncThreadHellApplication         : [INFO] PositioningServiceExecutorPool.2-3 finished async count job with id=  2.2
2023-03-15 21:23:38.274  INFO 17796 --- [PositioningServiceExecutorPool.2-3] c.e.A.AsyncThreadHellApplication         : [INFO] PositioningServiceExecutorPool.2-3 starts async count job with id= 2.5
2023-03-15 21:23:39.301  INFO 17796 --- [PositioningServiceExecutorPool.1-1] c.e.A.AsyncThreadHellApplication         : [INFO] PositioningServiceExecutorPool.1-1 finished async count job with id=  1.6
2023-03-15 21:23:39.301  INFO 17796 --- [PositioningServiceExecutorPool.1-1] c.e.A.AsyncThreadHellApplication         : [INFO] PositioningServiceExecutorPool.1-1 starts async count job with id= 1.10
2023-03-15 21:23:40.369  INFO 17796 --- [PositioningServiceExecutorPool.1-2] c.e.A.AsyncThreadHellApplication         : [INFO] PositioningServiceExecutorPool.1-2 finished async count job with id=  1.5
2023-03-15 21:23:40.369  INFO 17796 --- [PositioningServiceExecutorPool.1-2] c.e.A.AsyncThreadHellApplication         : [INFO] PositioningServiceExecutorPool.1-2 starts async count job with id= 1.11
2023-03-15 21:23:40.787  INFO 17796 --- [PositioningServiceExecutorPool.1-4] c.e.A.AsyncThreadHellApplication         : [INFO] PositioningServiceExecutorPool.1-4 finished async count job with id=  1.8
2023-03-15 21:23:40.787  INFO 17796 --- [PositioningServiceExecutorPool.1-4] c.e.A.AsyncThreadHellApplication         : [INFO] PositioningServiceExecutorPool.1-4 starts async count job with id= 1.12
2023-03-15 21:23:42.421  INFO 17796 --- [backgroundjob-worker-pool-2-thread-2] c.e.A.AsyncThreadHellApplication         : [INFO] PositioningService finds run 1 with 40% and 5 active jobs plus 7 in the queue
2023-03-15 21:23:42.433  INFO 17796 --- [PositioningServiceExecutorPool.2-2] c.e.A.AsyncThreadHellApplication         : [INFO] PositioningServiceExecutorPool.2-2 finished async count job with id=  2.1
2023-03-15 21:23:42.433  INFO 17796 --- [PositioningServiceExecutorPool.2-2] c.e.A.AsyncThreadHellApplication         : [INFO] PositioningServiceExecutorPool.2-2 starts async count job with id= 2.6
2023-03-15 21:23:43.622  INFO 17796 --- [PositioningServiceExecutorPool.1-3] c.e.A.AsyncThreadHellApplication         : [INFO] PositioningServiceExecutorPool.1-3 finished async count job with id=  1.7
2023-03-15 21:23:43.622  INFO 17796 --- [PositioningServiceExecutorPool.1-3] c.e.A.AsyncThreadHellApplication         : [INFO] PositioningServiceExecutorPool.1-3 starts async count job with id= 1.13
2023-03-15 21:23:43.903  INFO 17796 --- [PositioningServiceExecutorPool.1-2] c.e.A.AsyncThreadHellApplication         : [INFO] PositioningServiceExecutorPool.1-2 finished async count job with id=  1.11
2023-03-15 21:23:43.903  INFO 17796 --- [PositioningServiceExecutorPool.1-2] c.e.A.AsyncThreadHellApplication         : [INFO] PositioningServiceExecutorPool.1-2 starts async count job with id= 1.14
2023-03-15 21:23:44.344  INFO 17796 --- [PositioningServiceExecutorPool.1-2] c.e.A.AsyncThreadHellApplication         : [INFO] PositioningServiceExecutorPool.1-2 finished async count job with id=  1.14
2023-03-15 21:23:44.344  INFO 17796 --- [PositioningServiceExecutorPool.1-2] c.e.A.AsyncThreadHellApplication         : [INFO] PositioningServiceExecutorPool.1-2 starts async count job with id= 1.15
2023-03-15 21:23:44.678  INFO 17796 --- [PositioningServiceExecutorPool.2-2] c.e.A.AsyncThreadHellApplication         : [INFO] PositioningServiceExecutorPool.2-2 finished async count job with id=  2.6
2023-03-15 21:23:44.678  INFO 17796 --- [PositioningServiceExecutorPool.2-2] c.e.A.AsyncThreadHellApplication         : [INFO] PositioningServiceExecutorPool.2-2 starts async count job with id= 2.7
2023-03-15 21:23:44.872  INFO 17796 --- [PositioningServiceExecutorPool.1-2] c.e.A.AsyncThreadHellApplication         : [INFO] PositioningServiceExecutorPool.1-2 finished async count job with id=  1.15
2023-03-15 21:23:44.872  INFO 17796 --- [PositioningServiceExecutorPool.1-2] c.e.A.AsyncThreadHellApplication         : [INFO] PositioningServiceExecutorPool.1-2 starts async count job with id= 1.16
2023-03-15 21:23:45.034  INFO 17796 --- [PositioningServiceExecutorPool.1-1] c.e.A.AsyncThreadHellApplication         : [INFO] PositioningServiceExecutorPool.1-1 finished async count job with id=  1.10
2023-03-15 21:23:45.034  INFO 17796 --- [PositioningServiceExecutorPool.1-1] c.e.A.AsyncThreadHellApplication         : [INFO] PositioningServiceExecutorPool.1-1 starts async count job with id= 1.17
2023-03-15 21:23:46.495  INFO 17796 --- [PositioningServiceExecutorPool.2-4] c.e.A.AsyncThreadHellApplication         : [INFO] PositioningServiceExecutorPool.2-4 finished async count job with id=  2.3
2023-03-15 21:23:46.495  INFO 17796 --- [PositioningServiceExecutorPool.2-4] c.e.A.AsyncThreadHellApplication         : [INFO] PositioningServiceExecutorPool.2-4 starts async count job with id= 2.8
2023-03-15 21:23:47.325  INFO 17796 --- [PositioningServiceExecutorPool.2-3] c.e.A.AsyncThreadHellApplication         : [INFO] PositioningServiceExecutorPool.2-3 finished async count job with id=  2.5
2023-03-15 21:23:47.325  INFO 17796 --- [PositioningServiceExecutorPool.2-3] c.e.A.AsyncThreadHellApplication         : [INFO] PositioningServiceExecutorPool.2-3 starts async count job with id= 2.9
2023-03-15 21:23:47.410  INFO 17796 --- [backgroundjob-worker-pool-2-thread-1] c.e.A.AsyncThreadHellApplication         : [INFO] PositioningService finds run 2 with 25% and 5 active jobs plus 10 in the queue
2023-03-15 21:23:49.209  INFO 17796 --- [PositioningServiceExecutorPool.2-3] c.e.A.AsyncThreadHellApplication         : [INFO] PositioningServiceExecutorPool.2-3 finished async count job with id=  2.9
2023-03-15 21:23:49.209  INFO 17796 --- [PositioningServiceExecutorPool.2-3] c.e.A.AsyncThreadHellApplication         : [INFO] PositioningServiceExecutorPool.2-3 starts async count job with id= 2.10
2023-03-15 21:23:49.661  INFO 17796 --- [PositioningServiceExecutorPool.1-4] c.e.A.AsyncThreadHellApplication         : [INFO] PositioningServiceExecutorPool.1-4 finished async count job with id=  1.12
2023-03-15 21:23:49.661  INFO 17796 --- [PositioningServiceExecutorPool.1-4] c.e.A.AsyncThreadHellApplication         : [INFO] PositioningServiceExecutorPool.1-4 starts async count job with id= 1.18
2023-03-15 21:23:52.301  INFO 17796 --- [PositioningServiceExecutorPool.2-5] c.e.A.AsyncThreadHellApplication         : [INFO] PositioningServiceExecutorPool.2-5 finished async count job with id=  2.4
2023-03-15 21:23:52.302  INFO 17796 --- [PositioningServiceExecutorPool.2-5] c.e.A.AsyncThreadHellApplication         : [INFO] PositioningServiceExecutorPool.2-5 starts async count job with id= 2.11
2023-03-15 21:23:52.423  INFO 17796 --- [backgroundjob-worker-pool-2-thread-2] c.e.A.AsyncThreadHellApplication         : [INFO] PositioningService finds run 1 with 70% and 5 active jobs plus 1 in the queue
2023-03-15 21:23:52.861  INFO 17796 --- [PositioningServiceExecutorPool.2-1] c.e.A.AsyncThreadHellApplication         : [INFO] PositioningServiceExecutorPool.2-1 finished async count job with id=  2.0
2023-03-15 21:23:52.861  INFO 17796 --- [PositioningServiceExecutorPool.2-1] c.e.A.AsyncThreadHellApplication         : [INFO] PositioningServiceExecutorPool.2-1 starts async count job with id= 2.12
2023-03-15 21:23:53.479  INFO 17796 --- [PositioningServiceExecutorPool.1-5] c.e.A.AsyncThreadHellApplication         : [INFO] PositioningServiceExecutorPool.1-5 finished async count job with id=  1.9
2023-03-15 21:23:53.479  INFO 17796 --- [PositioningServiceExecutorPool.1-5] c.e.A.AsyncThreadHellApplication         : [INFO] PositioningServiceExecutorPool.1-5 starts async count job with id= 1.19
2023-03-15 21:23:55.056  INFO 17796 --- [PositioningServiceExecutorPool.1-2] c.e.A.AsyncThreadHellApplication         : [INFO] PositioningServiceExecutorPool.1-2 finished async count job with id=  1.16
2023-03-15 21:23:56.381  INFO 17796 --- [PositioningServiceExecutorPool.2-5] c.e.A.AsyncThreadHellApplication         : [INFO] PositioningServiceExecutorPool.2-5 finished async count job with id=  2.11
2023-03-15 21:23:56.381  INFO 17796 --- [PositioningServiceExecutorPool.2-5] c.e.A.AsyncThreadHellApplication         : [INFO] PositioningServiceExecutorPool.2-5 starts async count job with id= 2.13
2023-03-15 21:23:57.269  INFO 17796 --- [PositioningServiceExecutorPool.1-3] c.e.A.AsyncThreadHellApplication         : [INFO] PositioningServiceExecutorPool.1-3 finished async count job with id=  1.13
2023-03-15 21:23:57.413  INFO 17796 --- [backgroundjob-worker-pool-2-thread-1] c.e.A.AsyncThreadHellApplication         : [INFO] PositioningService finds run 2 with 45% and 5 active jobs plus 6 in the queue
2023-03-15 21:23:57.649  INFO 17796 --- [PositioningServiceExecutorPool.2-3] c.e.A.AsyncThreadHellApplication         : [INFO] PositioningServiceExecutorPool.2-3 finished async count job with id=  2.10
2023-03-15 21:23:57.649  INFO 17796 --- [PositioningServiceExecutorPool.2-3] c.e.A.AsyncThreadHellApplication         : [INFO] PositioningServiceExecutorPool.2-3 starts async count job with id= 2.14
2023-03-15 21:23:57.775  INFO 17796 --- [PositioningServiceExecutorPool.1-4] c.e.A.AsyncThreadHellApplication         : [INFO] PositioningServiceExecutorPool.1-4 finished async count job with id=  1.18
2023-03-15 21:23:58.520  INFO 17796 --- [PositioningServiceExecutorPool.2-3] c.e.A.AsyncThreadHellApplication         : [INFO] PositioningServiceExecutorPool.2-3 finished async count job with id=  2.14
2023-03-15 21:23:58.520  INFO 17796 --- [PositioningServiceExecutorPool.2-3] c.e.A.AsyncThreadHellApplication         : [INFO] PositioningServiceExecutorPool.2-3 starts async count job with id= 2.15
2023-03-15 21:23:59.467  INFO 17796 --- [PositioningServiceExecutorPool.2-2] c.e.A.AsyncThreadHellApplication         : [INFO] PositioningServiceExecutorPool.2-2 finished async count job with id=  2.7
2023-03-15 21:23:59.467  INFO 17796 --- [PositioningServiceExecutorPool.2-2] c.e.A.AsyncThreadHellApplication         : [INFO] PositioningServiceExecutorPool.2-2 starts async count job with id= 2.16
2023-03-15 21:23:59.686  INFO 17796 --- [PositioningServiceExecutorPool.1-5] c.e.A.AsyncThreadHellApplication         : [INFO] PositioningServiceExecutorPool.1-5 finished async count job with id=  1.19
2023-03-15 21:23:59.949  INFO 17796 --- [PositioningServiceExecutorPool.2-5] c.e.A.AsyncThreadHellApplication         : [INFO] PositioningServiceExecutorPool.2-5 finished async count job with id=  2.13
2023-03-15 21:23:59.949  INFO 17796 --- [PositioningServiceExecutorPool.2-5] c.e.A.AsyncThreadHellApplication         : [INFO] PositioningServiceExecutorPool.2-5 starts async count job with id= 2.17
2023-03-15 21:24:00.175  INFO 17796 --- [PositioningServiceExecutorPool.2-3] c.e.A.AsyncThreadHellApplication         : [INFO] PositioningServiceExecutorPool.2-3 finished async count job with id=  2.15
2023-03-15 21:24:00.175  INFO 17796 --- [PositioningServiceExecutorPool.2-3] c.e.A.AsyncThreadHellApplication         : [INFO] PositioningServiceExecutorPool.2-3 starts async count job with id= 2.18
2023-03-15 21:24:01.067  INFO 17796 --- [PositioningServiceExecutorPool.1-1] c.e.A.AsyncThreadHellApplication         : [INFO] PositioningServiceExecutorPool.1-1 finished async count job with id=  1.17
2023-03-15 21:24:02.425  INFO 17796 --- [backgroundjob-worker-pool-2-thread-2] c.e.A.AsyncThreadHellApplication         : [INFO] PositioningService finds run 1 with 100% and 0 active jobs plus 0 in the queue
2023-03-15 21:24:03.005  INFO 17796 --- [PositioningServiceExecutorPool.2-4] c.e.A.AsyncThreadHellApplication         : [INFO] PositioningServiceExecutorPool.2-4 finished async count job with id=  2.8
2023-03-15 21:24:03.005  INFO 17796 --- [PositioningServiceExecutorPool.2-4] c.e.A.AsyncThreadHellApplication         : [INFO] PositioningServiceExecutorPool.2-4 starts async count job with id= 2.19
2023-03-15 21:24:05.359  INFO 17796 --- [PositioningServiceExecutorPool.2-4] c.e.A.AsyncThreadHellApplication         : [INFO] PositioningServiceExecutorPool.2-4 finished async count job with id=  2.19
2023-03-15 21:24:06.149  INFO 17796 --- [PositioningServiceExecutorPool.2-2] c.e.A.AsyncThreadHellApplication         : [INFO] PositioningServiceExecutorPool.2-2 finished async count job with id=  2.16
2023-03-15 21:24:06.686  INFO 17796 --- [PositioningServiceExecutorPool.2-1] c.e.A.AsyncThreadHellApplication         : [INFO] PositioningServiceExecutorPool.2-1 finished async count job with id=  2.12
2023-03-15 21:24:07.415  INFO 17796 --- [backgroundjob-worker-pool-2-thread-1] c.e.A.AsyncThreadHellApplication         : [INFO] PositioningService finds run 2 with 90% and 2 active jobs plus 0 in the queue
2023-03-15 21:24:08.360  INFO 17796 --- [PositioningServiceExecutorPool.2-5] c.e.A.AsyncThreadHellApplication         : [INFO] PositioningServiceExecutorPool.2-5 finished async count job with id=  2.17
2023-03-15 21:24:12.432  INFO 17796 --- [backgroundjob-worker-pool-2-thread-2] c.e.A.AsyncThreadHellApplication         : [INFO] PositioningService (JobRunr) finished 1 including all subtasks
2023-03-15 21:24:17.420  INFO 17796 --- [backgroundjob-worker-pool-2-thread-1] c.e.A.AsyncThreadHellApplication         : [INFO] PositioningService finds run 2 with 95% and 1 active jobs plus 0 in the queue
2023-03-15 21:24:18.115  INFO 17796 --- [PositioningServiceExecutorPool.2-3] c.e.A.AsyncThreadHellApplication         : [INFO] PositioningServiceExecutorPool.2-3 finished async count job with id=  2.18
2023-03-15 21:24:27.427  INFO 17796 --- [backgroundjob-worker-pool-2-thread-1] c.e.A.AsyncThreadHellApplication         : [INFO] PositioningService finds run 2 with 100% and 0 active jobs plus 0 in the queue
2023-03-15 21:24:37.433  INFO 17796 --- [backgroundjob-worker-pool-2-thread-1] c.e.A.AsyncThreadHellApplication         : [INFO] PositioningService (JobRunr) finished 2 including all subtasks
2023-03-15 21:34:16.554  INFO 17796 --- [SpringApplicationShutdownHook] o.j.dashboard.JobRunrDashboardWebServer  : JobRunr dashboard stopped
2023-03-15 21:34:16.555  INFO 17796 --- [SpringApplicationShutdownHook] org.jobrunr.server.BackgroundJobServer   : BackgroundJobServer and BackgroundJobPerformers stopped
2023-03-15 21:34:16.556  INFO 17796 --- [SpringApplicationShutdownHook] j.LocalContainerEntityManagerFactoryBean : Closing JPA EntityManagerFactory for persistence unit 'default'
2023-03-15 21:34:16.557  INFO 17796 --- [SpringApplicationShutdownHook] com.zaxxer.hikari.HikariDataSource       : HikariPool-1 - Shutdown initiated...
2023-03-15 21:34:16.558  INFO 17796 --- [SpringApplicationShutdownHook] com.zaxxer.hikari.HikariDataSource       : HikariPool-1 - Shutdown completed.
2023-03-15 21:34:48.626  INFO 15396 --- [main] c.e.A.AsyncThreadHellApplication         : Starting AsyncThreadHellApplication using Java 17.0.4 on Tower with PID 15396 (D:\MyDrive\2_Workspace\JVM\AsyncThreadHell\target\classes started by User in D:\MyDrive\2_Workspace\JVM\AsyncThreadHell)
2023-03-15 21:34:48.628  INFO 15396 --- [main] c.e.A.AsyncThreadHellApplication         : No active profile set, falling back to 1 default profile: "default"
2023-03-15 21:34:48.987  INFO 15396 --- [main] .s.d.r.c.RepositoryConfigurationDelegate : Bootstrapping Spring Data JPA repositories in DEFAULT mode.
2023-03-15 21:34:49.012  INFO 15396 --- [main] .s.d.r.c.RepositoryConfigurationDelegate : Finished Spring Data repository scanning in 19 ms. Found 1 JPA repository interfaces.
2023-03-15 21:34:49.278  INFO 15396 --- [main] o.s.b.w.embedded.tomcat.TomcatWebServer  : Tomcat initialized with port(s): 8080 (http)
2023-03-15 21:34:49.282  INFO 15396 --- [main] o.apache.catalina.core.StandardService   : Starting service [Tomcat]
2023-03-15 21:34:49.282  INFO 15396 --- [main] org.apache.catalina.core.StandardEngine  : Starting Servlet engine: [Apache Tomcat/9.0.71]
2023-03-15 21:34:49.344  INFO 15396 --- [main] o.a.c.c.C.[Tomcat].[localhost].[/]       : Initializing Spring embedded WebApplicationContext
2023-03-15 21:34:49.344  INFO 15396 --- [main] w.s.c.ServletWebServerApplicationContext : Root WebApplicationContext: initialization completed in 687 ms
2023-03-15 21:34:49.361  INFO 15396 --- [main] com.zaxxer.hikari.HikariDataSource       : HikariPool-1 - Starting...
2023-03-15 21:34:49.418  INFO 15396 --- [main] com.zaxxer.hikari.HikariDataSource       : HikariPool-1 - Start completed.
2023-03-15 21:34:49.424  INFO 15396 --- [main] o.s.b.a.h2.H2ConsoleAutoConfiguration    : H2 console available at '/h2-console'. Database available at 'jdbc:h2:mem:threadhelldb'
2023-03-15 21:34:49.501  INFO 15396 --- [main] o.hibernate.jpa.internal.util.LogHelper  : HHH000204: Processing PersistenceUnitInfo [name: default]
2023-03-15 21:34:49.522  INFO 15396 --- [main] org.hibernate.Version                    : HHH000412: Hibernate ORM core version 5.6.15.Final
2023-03-15 21:34:49.589  INFO 15396 --- [main] o.hibernate.annotations.common.Version   : HCANN000001: Hibernate Commons Annotations {5.1.2.Final}
2023-03-15 21:34:49.635  INFO 15396 --- [main] org.hibernate.dialect.Dialect            : HHH000400: Using dialect: org.hibernate.dialect.H2Dialect
2023-03-15 21:34:49.885  INFO 15396 --- [main] o.h.e.t.j.p.i.JtaPlatformInitiator       : HHH000490: Using JtaPlatform implementation: [org.hibernate.engine.transaction.jta.platform.internal.NoJtaPlatform]
2023-03-15 21:34:49.890  INFO 15396 --- [main] j.LocalContainerEntityManagerFactoryBean : Initialized JPA EntityManagerFactory for persistence unit 'default'
2023-03-15 21:34:50.064  INFO 15396 --- [main] c.e.A.AsyncThreadHellApplication         : [INFO] Initialize ThreadPoolTaskExecutor (RunnerService) with pool size = 5
2023-03-15 21:34:50.121  WARN 15396 --- [main] JpaBaseConfiguration$JpaWebConfiguration : spring.jpa.open-in-view is enabled by default. Therefore, database queries may be performed during view rendering. Explicitly configure spring.jpa.open-in-view to disable this warning
2023-03-15 21:34:50.416  INFO 15396 --- [main] j.s.t.ScheduledThreadPoolJobRunrExecutor : ThreadManager of type 'ScheduledThreadPool' started
2023-03-15 21:34:50.434  INFO 15396 --- [main] o.j.dashboard.JobRunrDashboardWebServer  : JobRunr Dashboard started at http://localhost:8000/dashboard
2023-03-15 21:34:50.526  INFO 15396 --- [main] o.s.b.w.embedded.tomcat.TomcatWebServer  : Tomcat started on port(s): 8080 (http) with context path ''
2023-03-15 21:34:50.534  INFO 15396 --- [main] c.e.A.AsyncThreadHellApplication         : Started AsyncThreadHellApplication in 2.103 seconds (JVM running for 2.435)
2023-03-15 21:34:50.660  INFO 15396 --- [backgroundjob-zookeeper-pool-1-thread-1] org.jobrunr.server.BackgroundJobServer   : JobRunr BackgroundJobServer (81ccf9af-e510-4fd9-9274-300355c9a049) and 2 BackgroundJobPerformers started successfully
2023-03-15 21:34:50.661  INFO 15396 --- [backgroundjob-zookeeper-pool-1-thread-1] org.jobrunr.server.ServerZooKeeper       : Server 81ccf9af-e510-4fd9-9274-300355c9a049 is master (this BackgroundJobServer)
2023-03-15 21:34:55.163  INFO 15396 --- [http-nio-8080-exec-1] o.a.c.c.C.[Tomcat].[localhost].[/]       : Initializing Spring DispatcherServlet 'dispatcherServlet'
2023-03-15 21:34:55.163  INFO 15396 --- [http-nio-8080-exec-1] o.s.web.servlet.DispatcherServlet        : Initializing Servlet 'dispatcherServlet'
2023-03-15 21:34:55.164  INFO 15396 --- [http-nio-8080-exec-1] o.s.web.servlet.DispatcherServlet        : Completed initialization in 1 ms
2023-03-15 21:34:55.442  INFO 15396 --- [http-nio-8080-exec-3] o.springdoc.api.AbstractOpenApiResource  : Init duration for springdoc-openapi is: 139 ms
2023-03-15 21:35:15.438  INFO 15396 --- [http-nio-8080-exec-4] c.e.A.AsyncThreadHellApplication         : [INFO] Service enqueued new master job (JobRunr) with runID= 1
2023-03-15 21:35:15.443  INFO 15396 --- [http-nio-8080-exec-4] c.e.A.AsyncThreadHellApplication         : [INFO] Service returns the master job with runID= 1
2023-03-15 21:35:21.441  INFO 15396 --- [backgroundjob-worker-pool-2-thread-2] c.e.A.AsyncThreadHellApplication         : [INFO] Initialize ServiceExecutorPool.1 (ThreadPoolTaskExecutor) with pool size = 5
2023-03-15 21:35:21.441  INFO 15396 --- [backgroundjob-worker-pool-2-thread-2] c.e.A.AsyncThreadHellApplication         : [INFO] Service (JobRunr) starts spawning async subtasks for 1
2023-03-15 21:35:21.443  INFO 15396 --- [backgroundjob-worker-pool-2-thread-2] c.e.A.AsyncThreadHellApplication         : [INFO] Service (JobRunr) finished spawning async subtasks for 1
2023-03-15 21:35:21.443  INFO 15396 --- [ServiceExecutorPool.1-1] c.e.A.AsyncThreadHellApplication         : [INFO] ServiceExecutorPool.1-1 starts async count job with id= 1.0
2023-03-15 21:35:21.443  INFO 15396 --- [ServiceExecutorPool.1-3] c.e.A.AsyncThreadHellApplication         : [INFO] ServiceExecutorPool.1-3 starts async count job with id= 1.2
2023-03-15 21:35:21.443  INFO 15396 --- [ServiceExecutorPool.1-2] c.e.A.AsyncThreadHellApplication         : [INFO] ServiceExecutorPool.1-2 starts async count job with id= 1.1
2023-03-15 21:35:21.443  INFO 15396 --- [ServiceExecutorPool.1-4] c.e.A.AsyncThreadHellApplication         : [INFO] ServiceExecutorPool.1-4 starts async count job with id= 1.3
2023-03-15 21:35:21.443  INFO 15396 --- [ServiceExecutorPool.1-5] c.e.A.AsyncThreadHellApplication         : [INFO] ServiceExecutorPool.1-5 starts async count job with id= 1.4
2023-03-15 21:35:21.448  INFO 15396 --- [backgroundjob-worker-pool-2-thread-2] c.e.A.AsyncThreadHellApplication         : [INFO] Service finds run 1 with 0% and 5 active jobs plus 15 in the queue
2023-03-15 21:35:23.104  INFO 15396 --- [ServiceExecutorPool.1-2] c.e.A.AsyncThreadHellApplication         : [INFO] ServiceExecutorPool.1-2 finished async count job with id=  1.1
2023-03-15 21:35:23.104  INFO 15396 --- [ServiceExecutorPool.1-2] c.e.A.AsyncThreadHellApplication         : [INFO] ServiceExecutorPool.1-2 starts async count job with id= 1.5
2023-03-15 21:35:24.300  INFO 15396 --- [ServiceExecutorPool.1-5] c.e.A.AsyncThreadHellApplication         : [INFO] ServiceExecutorPool.1-5 finished async count job with id=  1.4
2023-03-15 21:35:24.301  INFO 15396 --- [ServiceExecutorPool.1-5] c.e.A.AsyncThreadHellApplication         : [INFO] ServiceExecutorPool.1-5 starts async count job with id= 1.6
2023-03-15 21:35:24.506  INFO 15396 --- [ServiceExecutorPool.1-4] c.e.A.AsyncThreadHellApplication         : [INFO] ServiceExecutorPool.1-4 finished async count job with id=  1.3
2023-03-15 21:35:24.506  INFO 15396 --- [ServiceExecutorPool.1-4] c.e.A.AsyncThreadHellApplication         : [INFO] ServiceExecutorPool.1-4 starts async count job with id= 1.7
2023-03-15 21:35:30.424  INFO 15396 --- [ServiceExecutorPool.1-5] c.e.A.AsyncThreadHellApplication         : [INFO] ServiceExecutorPool.1-5 finished async count job with id=  1.6
2023-03-15 21:35:30.424  INFO 15396 --- [ServiceExecutorPool.1-5] c.e.A.AsyncThreadHellApplication         : [INFO] ServiceExecutorPool.1-5 starts async count job with id= 1.8
2023-03-15 21:35:31.450  INFO 15396 --- [backgroundjob-worker-pool-2-thread-2] c.e.A.AsyncThreadHellApplication         : [INFO] Service finds run 1 with 20% and 5 active jobs plus 11 in the queue
2023-03-15 21:35:31.555  INFO 15396 --- [ServiceExecutorPool.1-5] c.e.A.AsyncThreadHellApplication         : [INFO] ServiceExecutorPool.1-5 finished async count job with id=  1.8
2023-03-15 21:35:31.555  INFO 15396 --- [ServiceExecutorPool.1-5] c.e.A.AsyncThreadHellApplication         : [INFO] ServiceExecutorPool.1-5 starts async count job with id= 1.9
2023-03-15 21:35:34.708  INFO 15396 --- [ServiceExecutorPool.1-1] c.e.A.AsyncThreadHellApplication         : [INFO] ServiceExecutorPool.1-1 finished async count job with id=  1.0
2023-03-15 21:35:34.708  INFO 15396 --- [ServiceExecutorPool.1-1] c.e.A.AsyncThreadHellApplication         : [INFO] ServiceExecutorPool.1-1 starts async count job with id= 1.10
2023-03-15 21:35:36.130  INFO 15396 --- [ServiceExecutorPool.1-2] c.e.A.AsyncThreadHellApplication         : [INFO] ServiceExecutorPool.1-2 finished async count job with id=  1.5
2023-03-15 21:35:36.130  INFO 15396 --- [ServiceExecutorPool.1-2] c.e.A.AsyncThreadHellApplication         : [INFO] ServiceExecutorPool.1-2 starts async count job with id= 1.11
2023-03-15 21:35:38.009  INFO 15396 --- [ServiceExecutorPool.1-3] c.e.A.AsyncThreadHellApplication         : [INFO] ServiceExecutorPool.1-3 finished async count job with id=  1.2
2023-03-15 21:35:38.009  INFO 15396 --- [ServiceExecutorPool.1-3] c.e.A.AsyncThreadHellApplication         : [INFO] ServiceExecutorPool.1-3 starts async count job with id= 1.12
2023-03-15 21:35:40.041  INFO 15396 --- [ServiceExecutorPool.1-4] c.e.A.AsyncThreadHellApplication         : [INFO] ServiceExecutorPool.1-4 finished async count job with id=  1.7
2023-03-15 21:35:40.041  INFO 15396 --- [ServiceExecutorPool.1-4] c.e.A.AsyncThreadHellApplication         : [INFO] ServiceExecutorPool.1-4 starts async count job with id= 1.13
2023-03-15 21:35:40.372  INFO 15396 --- [ServiceExecutorPool.1-5] c.e.A.AsyncThreadHellApplication         : [INFO] ServiceExecutorPool.1-5 finished async count job with id=  1.9
2023-03-15 21:35:40.372  INFO 15396 --- [ServiceExecutorPool.1-5] c.e.A.AsyncThreadHellApplication         : [INFO] ServiceExecutorPool.1-5 starts async count job with id= 1.14
2023-03-15 21:35:41.453  INFO 15396 --- [backgroundjob-worker-pool-2-thread-2] c.e.A.AsyncThreadHellApplication         : [INFO] Service finds run 1 with 50% and 5 active jobs plus 5 in the queue
2023-03-15 21:35:41.607  INFO 15396 --- [ServiceExecutorPool.1-3] c.e.A.AsyncThreadHellApplication         : [INFO] ServiceExecutorPool.1-3 finished async count job with id=  1.12
2023-03-15 21:35:41.607  INFO 15396 --- [ServiceExecutorPool.1-3] c.e.A.AsyncThreadHellApplication         : [INFO] ServiceExecutorPool.1-3 starts async count job with id= 1.15
2023-03-15 21:35:41.747  INFO 15396 --- [ServiceExecutorPool.1-5] c.e.A.AsyncThreadHellApplication         : [INFO] ServiceExecutorPool.1-5 finished async count job with id=  1.14
2023-03-15 21:35:41.747  INFO 15396 --- [ServiceExecutorPool.1-5] c.e.A.AsyncThreadHellApplication         : [INFO] ServiceExecutorPool.1-5 starts async count job with id= 1.16
2023-03-15 21:35:51.460  INFO 15396 --- [backgroundjob-worker-pool-2-thread-2] c.e.A.AsyncThreadHellApplication         : [INFO] Service finds run 1 with 60% and 5 active jobs plus 3 in the queue
2023-03-15 21:35:53.033  INFO 15396 --- [ServiceExecutorPool.1-1] c.e.A.AsyncThreadHellApplication         : [INFO] ServiceExecutorPool.1-1 finished async count job with id=  1.10
2023-03-15 21:35:53.033  INFO 15396 --- [ServiceExecutorPool.1-1] c.e.A.AsyncThreadHellApplication         : [INFO] ServiceExecutorPool.1-1 starts async count job with id= 1.17
2023-03-15 21:35:53.089  INFO 15396 --- [ServiceExecutorPool.1-2] c.e.A.AsyncThreadHellApplication         : [INFO] ServiceExecutorPool.1-2 finished async count job with id=  1.11
2023-03-15 21:35:53.089  INFO 15396 --- [ServiceExecutorPool.1-2] c.e.A.AsyncThreadHellApplication         : [INFO] ServiceExecutorPool.1-2 starts async count job with id= 1.18
2023-03-15 21:35:55.596  INFO 15396 --- [ServiceExecutorPool.1-3] c.e.A.AsyncThreadHellApplication         : [INFO] ServiceExecutorPool.1-3 finished async count job with id=  1.15
2023-03-15 21:35:55.596  INFO 15396 --- [ServiceExecutorPool.1-3] c.e.A.AsyncThreadHellApplication         : [INFO] ServiceExecutorPool.1-3 starts async count job with id= 1.19
2023-03-15 21:35:56.163  INFO 15396 --- [ServiceExecutorPool.1-4] c.e.A.AsyncThreadHellApplication         : [INFO] ServiceExecutorPool.1-4 finished async count job with id=  1.13
2023-03-15 21:35:57.260  INFO 15396 --- [ServiceExecutorPool.1-5] c.e.A.AsyncThreadHellApplication         : [INFO] ServiceExecutorPool.1-5 finished async count job with id=  1.16
2023-03-15 21:36:01.466  INFO 15396 --- [backgroundjob-worker-pool-2-thread-2] c.e.A.AsyncThreadHellApplication         : [INFO] Service finds run 1 with 85% and 3 active jobs plus 0 in the queue
2023-03-15 21:36:04.227  INFO 15396 --- [ServiceExecutorPool.1-3] c.e.A.AsyncThreadHellApplication         : [INFO] ServiceExecutorPool.1-3 finished async count job with id=  1.19
2023-03-15 21:36:05.163  INFO 15396 --- [ServiceExecutorPool.1-2] c.e.A.AsyncThreadHellApplication         : [INFO] ServiceExecutorPool.1-2 finished async count job with id=  1.18
2023-03-15 21:36:07.072  INFO 15396 --- [ServiceExecutorPool.1-1] c.e.A.AsyncThreadHellApplication         : [INFO] ServiceExecutorPool.1-1 finished async count job with id=  1.17
2023-03-15 21:36:11.468  INFO 15396 --- [backgroundjob-worker-pool-2-thread-2] c.e.A.AsyncThreadHellApplication         : [INFO] Service finds run 1 with 100% and 0 active jobs plus 0 in the queue
2023-03-15 21:36:21.474  INFO 15396 --- [backgroundjob-worker-pool-2-thread-2] c.e.A.AsyncThreadHellApplication         : [INFO] Service (JobRunr) finished 1 including all subtasks
